[INFO] 23:09:50:511 Memoria/(24089:24089): config.PUERTO_KERNEL: 9050
[INFO] 23:09:50:511 Memoria/(24089:24089): config.IP_KERNEL: 127.0.0.1
[INFO] 23:09:50:511 Memoria/(24089:24089): config.PUERTO: 9030
[INFO] 23:09:50:511 Memoria/(24089:24089): config.MARCOS: 500
[INFO] 23:09:50:511 Memoria/(24089:24089): config.MARCO_SIZE: 128
[INFO] 23:09:50:511 Memoria/(24089:24089): config.ENTRADAS_CACHE: 10
[INFO] 23:09:50:511 Memoria/(24089:24089): config.CACHE_X_PROC: 5
[INFO] 23:09:50:511 Memoria/(24089:24089): config.RETARDO_MEMORIA: 1000
[INFO] 23:09:50:511 Memoria/(24089:24089): Cantidad de marcos que ocupa la tabla de páginas invertida: 32
[INFO] 23:09:50:511 Memoria/(24089:24089): Tabla de páginas invertida inicializada
[INFO] 23:09:50:511 Memoria/(24089:24089): Inicializando la memoria de 64000 bytes
[INFO] 23:09:50:511 Memoria/(24089:24089): Memoria inicializada
[INFO] 23:09:50:511 Memoria/(24089:24089): Escuchando nuevas solicitudes tcp en el puerto 9030...
[INFO] 23:09:50:519 Memoria/(24089:24098): Escuchando nuevas solicitudes de consola en nuevo hilo
[INFO] 23:09:54:843 Memoria/(24089:24089): Server: nueva conexion de 127.0.0.1 en socket 6
[INFO] 23:09:54:843 Memoria/(24089:24103): atenderHilo - He recibido 4 bytes con la acción: 6
[INFO] 23:09:54:843 Memoria/(24089:24103): atenderHilo[obtenerTamanioPaginas] - Se procede a enviar tamaño del marco: 128
[INFO] 23:09:54:843 Memoria/(24089:24103): atenderHilo- Fin atención acción
[INFO] 23:09:54:843 Memoria/(24089:24103): atenderHilo - He recibido 4 bytes con la acción: 33
[INFO] 23:09:54:843 Memoria/(24089:24103): atenderHilo[accionEnviarStackSize] - Recibido tamanio del stack: 1
[INFO] 23:09:54:843 Memoria/(24089:24103): atenderHilo- Fin atención acción
[INFO] 23:09:56:640 Memoria/(24089:24089): Server: nueva conexion de 127.0.0.1 en socket 7
[INFO] 23:09:56:640 Memoria/(24089:24108): atenderHilo - He recibido 4 bytes con la acción: 6
[INFO] 23:09:56:640 Memoria/(24089:24108): atenderHilo[obtenerTamanioPaginas] - Se procede a enviar tamaño del marco: 128
[INFO] 23:09:56:640 Memoria/(24089:24108): atenderHilo- Fin atención acción
[INFO] 23:10:11:455 Memoria/(24089:24103): atenderHilo - He recibido 4 bytes con la acción: 1
[INFO] 23:10:11:455 Memoria/(24089:24103): atenderHilo[inicializarProgramaAccion] - Recibida solicitud de 2 páginas para el pid 1
[INFO] 23:10:11:455 Memoria/(24089:24103): atenderHilo[inicializarProgramaAccion] - Se procede a inicializar programa
[INFO] 23:10:11:455 Memoria/(24089:24103): inicializarPrograma - Comienza inicialización para pid 1: 2 páginas + 1 páginas para stack
[INFO] 23:10:11:846 Memoria/(24089:24103): inicializarPrograma - Para pid 1 y página 0 se obtuvo el marco candidato: 42
[INFO] 23:10:57:547 Memoria/(24176:24176): config.PUERTO_KERNEL: 9050
[INFO] 23:10:57:547 Memoria/(24176:24176): config.IP_KERNEL: 127.0.0.1
[INFO] 23:10:57:547 Memoria/(24176:24176): config.PUERTO: 9030
[INFO] 23:10:57:547 Memoria/(24176:24176): config.MARCOS: 500
[INFO] 23:10:57:547 Memoria/(24176:24176): config.MARCO_SIZE: 128
[INFO] 23:10:57:547 Memoria/(24176:24176): config.ENTRADAS_CACHE: 10
[INFO] 23:10:57:547 Memoria/(24176:24176): config.CACHE_X_PROC: 5
[INFO] 23:10:57:547 Memoria/(24176:24176): config.RETARDO_MEMORIA: 1000
[INFO] 23:10:57:547 Memoria/(24176:24176): Cantidad de marcos que ocupa la tabla de páginas invertida: 32
[INFO] 23:10:57:547 Memoria/(24176:24176): Tabla de páginas invertida inicializada
[INFO] 23:10:57:547 Memoria/(24176:24176): Inicializando la memoria de 64000 bytes
[INFO] 23:10:57:547 Memoria/(24176:24176): Memoria inicializada
[INFO] 23:10:57:547 Memoria/(24176:24176): Escuchando nuevas solicitudes tcp en el puerto 9030...
[INFO] 23:10:57:563 Memoria/(24176:24184): Escuchando nuevas solicitudes de consola en nuevo hilo
[INFO] 23:11:02:171 Memoria/(24176:24176): Server: nueva conexion de 127.0.0.1 en socket 6
[INFO] 23:11:02:171 Memoria/(24176:24189): atenderHilo - He recibido 4 bytes con la acción: 6
[INFO] 23:11:02:171 Memoria/(24176:24189): atenderHilo[obtenerTamanioPaginas] - Se procede a enviar tamaño del marco: 128
[INFO] 23:11:02:171 Memoria/(24176:24189): atenderHilo- Fin atención acción
[INFO] 23:11:02:171 Memoria/(24176:24189): atenderHilo - He recibido 4 bytes con la acción: 33
[INFO] 23:11:02:171 Memoria/(24176:24189): atenderHilo[accionEnviarStackSize] - Recibido tamanio del stack: 1
[INFO] 23:11:02:171 Memoria/(24176:24189): atenderHilo- Fin atención acción
[INFO] 23:11:03:294 Memoria/(24176:24176): Server: nueva conexion de 127.0.0.1 en socket 7
[INFO] 23:11:03:294 Memoria/(24176:24194): atenderHilo - He recibido 4 bytes con la acción: 6
[INFO] 23:11:03:294 Memoria/(24176:24194): atenderHilo[obtenerTamanioPaginas] - Se procede a enviar tamaño del marco: 128
[INFO] 23:11:03:294 Memoria/(24176:24194): atenderHilo- Fin atención acción
[INFO] 23:11:06:978 Memoria/(24176:24189): atenderHilo - He recibido 4 bytes con la acción: 1
[INFO] 23:11:06:978 Memoria/(24176:24189): atenderHilo[inicializarProgramaAccion] - Recibida solicitud de 2 páginas para el pid 1
[INFO] 23:11:06:978 Memoria/(24176:24189): atenderHilo[inicializarProgramaAccion] - Se procede a inicializar programa
[INFO] 23:11:06:978 Memoria/(24176:24189): inicializarPrograma - Comienza inicialización para pid 1: 2 páginas + 1 páginas para stack
[INFO] 23:11:06:978 Memoria/(24176:24189): inicializarPrograma - Para pid 1 y página 0 se obtuvo el marco candidato: 42
[INFO] 23:11:13:393 Memoria/(24176:24189): inicializarPrograma - Para pid 1 y página 1 se obtuvo el marco candidato: 43
[INFO] 23:11:13:393 Memoria/(24176:24189): inicializarPrograma - Para pid 1 y página 2 se obtuvo el marco candidato: 44
[INFO] 23:11:22:518 Memoria/(24176:24189): inicializarPrograma - Paginas asignadas con éxito
[INFO] 23:11:22:518 Memoria/(24176:24189): atenderHilo[inicializarProgramaAccion] - Inicializar programa en Memoria terminó con resultado de acción: 0
[INFO] 23:11:22:518 Memoria/(24176:24189): atenderHilo- Fin atención acción
[INFO] 23:11:22:518 Memoria/(24176:24189): atenderHilo - He recibido 4 bytes con la acción: 3
[INFO] 23:11:22:518 Memoria/(24176:24189): atenderHilo[almacenarBytesAccion] - Recibida solicitud de almacenar 128 bytes para el pid 1 en su página 0 con un offset de 0
[INFO] 23:11:22:518 Memoria/(24176:24189): atenderHilo[almacenarBytesAccion] - Se procede a almacenar bytes: #!/usr/bin/ansisop

begin
	variables a
	a <- f
	prints n a
end

function f
	variables a
	a=1
	prints n a
	a <- g
	return a
end


[INFO] 23:11:27:738 Memoria/(24176:24189): almacenarBytes - Inicia almacenarBytes
[INFO] 23:11:33:543 Memoria/(24176:24189): almacenarBytes - Marco candidato para pid 1 y nroPagina 0: 42
[INFO] 23:11:34:544 Memoria/(24176:24189): almacenarBytes - El pedido quedó almacenado
[INFO] 23:11:34:544 Memoria/(24176:24189): atenderHilo[almacenarBytesAccion] - Solicitud de almacenar bytes terminó con resultado de acción: 0
[INFO] 23:11:34:544 Memoria/(24176:24189): atenderHilo- Fin atención acción
[INFO] 23:11:34:544 Memoria/(24176:24189): atenderHilo - He recibido 4 bytes con la acción: 3
[INFO] 23:11:34:544 Memoria/(24176:24189): atenderHilo[almacenarBytesAccion] - Recibida solicitud de almacenar 63 bytes para el pid 1 en su página 1 con un offset de 0
[INFO] 23:11:34:544 Memoria/(24176:24189): atenderHilo[almacenarBytesAccion] - Se procede a almacenar bytes: function g
	variables a
	a=0
	prints n a
	a <- f
	return a
end
n: 3
[INFO] 23:11:34:544 Memoria/(24176:24189): almacenarBytes - Inicia almacenarBytes
[INFO] 23:11:34:544 Memoria/(24176:24189): almacenarBytes - Marco candidato para pid 1 y nroPagina 1: 43
[INFO] 23:11:35:544 Memoria/(24176:24189): almacenarBytes - El pedido quedó almacenado
[INFO] 23:11:35:544 Memoria/(24176:24189): atenderHilo[almacenarBytesAccion] - Solicitud de almacenar bytes terminó con resultado de acción: 0
[INFO] 23:11:35:544 Memoria/(24176:24189): atenderHilo- Fin atención acción
[INFO] 23:11:35:554 Memoria/(24176:24194): atenderHilo - He recibido 4 bytes con la acción: 4
[INFO] 23:11:35:554 Memoria/(24176:24194): atenderHilo[solicitarBytesAccion] - Recibida solicitud de 13 bytes para el pid 1 en su página 0 con un offset de 26
[INFO] 23:11:35:554 Memoria/(24176:24194): atenderHilo[solicitarBytesAccion] - Se procede a solicitar bytes
[INFO] 23:11:44:25 Memoria/(24176:24194): solicitarBytes - Marco encontrado: 42
[INFO] 23:11:44:25 Memoria/(24176:24194): solicitarBytes - Tamaño solicitado: 13
[INFO] 23:11:45:26 Memoria/(24176:24194): solicitarBytes - Marco encontrado: 42
[INFO] 23:11:45:26 Memoria/(24176:24194): solicitarBytes - Tamaño solicitado: 128
[INFO] 23:11:46:26 Memoria/(24176:24194): atenderHilo- Fin atención acción
[INFO] 23:11:46:26 Memoria/(24176:24194): atenderHilo - He recibido 4 bytes con la acción: 4
[INFO] 23:11:46:26 Memoria/(24176:24194): atenderHilo[solicitarBytesAccion] - Recibida solicitud de 8 bytes para el pid 1 en su página 0 con un offset de 39
[INFO] 23:11:46:26 Memoria/(24176:24194): atenderHilo[solicitarBytesAccion] - Se procede a solicitar bytes
[INFO] 23:12:10:933 Memoria/(24176:24194): atenderHilo- Fin atención acción
[INFO] 23:12:10:944 Memoria/(24176:24194): atenderHilo - He recibido 4 bytes con la acción: 4
[INFO] 23:12:10:944 Memoria/(24176:24194): atenderHilo[solicitarBytesAccion] - Recibida solicitud de 13 bytes para el pid 1 en su página 0 con un offset de 75
[INFO] 23:12:10:944 Memoria/(24176:24194): atenderHilo[solicitarBytesAccion] - Se procede a solicitar bytes
[INFO] 23:12:26:856 Memoria/(24176:24194): atenderHilo- Fin atención acción
[INFO] 23:12:26:866 Memoria/(24176:24194): atenderHilo - He recibido 4 bytes con la acción: 4
[INFO] 23:12:26:866 Memoria/(24176:24194): atenderHilo[solicitarBytesAccion] - Recibida solicitud de 5 bytes para el pid 1 en su página 0 con un offset de 88
[INFO] 23:12:26:866 Memoria/(24176:24194): atenderHilo[solicitarBytesAccion] - Se procede a solicitar bytes
[INFO] 23:12:36:153 Memoria/(24176:24194): atenderHilo- Fin atención acción
[INFO] 23:12:36:153 Memoria/(24176:24194): atenderHilo - He recibido 4 bytes con la acción: 3
[INFO] 23:12:36:153 Memoria/(24176:24194): atenderHilo[almacenarBytesAccion] - Recibida solicitud de almacenar 4 bytes para el pid 1 en su página 2 con un offset de 4
[INFO] 23:12:36:153 Memoria/(24176:24194): atenderHilo[almacenarBytesAccion] - Se procede a almacenar bytes: 
[INFO] 23:12:36:153 Memoria/(24176:24194): almacenarBytes - Inicia almacenarBytes
[INFO] 23:12:36:153 Memoria/(24176:24194): almacenarBytes - Marco candidato para pid 1 y nroPagina 2: 44
[INFO] 23:12:37:154 Memoria/(24176:24194): almacenarBytes - El pedido quedó almacenado
[INFO] 23:12:37:154 Memoria/(24176:24194): atenderHilo[almacenarBytesAccion] - Solicitud de almacenar bytes terminó con resultado de acción: 0
[INFO] 23:12:37:154 Memoria/(24176:24194): solicitarBytes - Marco encontrado: 42
[INFO] 23:12:37:154 Memoria/(24176:24194): solicitarBytes - Tamaño solicitado: 128
